-------------------------------------------------------------------------------
Test set: com.spring.masinsa.MasinsaApplicationTests
-------------------------------------------------------------------------------
Tests run: 1, Failures: 0, Errors: 1, Skipped: 0, Time elapsed: 5.007 s <<< FAILURE! - in com.spring.masinsa.MasinsaApplicationTests
contextLoads  Time elapsed: 0.008 s  <<< ERROR!
java.lang.IllegalStateException: Failed to load ApplicationContext
Caused by: org.springframework.beans.factory.UnsatisfiedDependencyException: Error creating bean with name 'analysisInfoController': Unsatisfied dependency expressed through field 'reviewService'; nested exception is org.springframework.beans.factory.UnsatisfiedDependencyException: Error creating bean with name 'reviewServiceImpl': Unsatisfied dependency expressed through field 'reviewRepository'; nested exception is org.springframework.beans.factory.BeanCreationException: Error creating bean with name 'reviewRepository' defined in com.spring.masinsa.repository.ReviewRepository defined in @EnableJpaRepositories declared on JpaRepositoriesRegistrar.EnableJpaRepositoriesConfiguration: Invocation of init method failed; nested exception is org.springframework.data.repository.query.QueryCreationException: Could not create query for public abstract java.util.List com.spring.masinsa.repository.ReviewRepository.findByMaskId(java.lang.Long,org.springframework.boot.autoconfigure.data.web.SpringDataWebProperties$Pageable); Reason: Failed to create query for method public abstract java.util.List com.spring.masinsa.repository.ReviewRepository.findByMaskId(java.lang.Long,org.springframework.boot.autoconfigure.data.web.SpringDataWebProperties$Pageable)! At least 2 parameter(s) provided but only 1 parameter(s) present in query.; nested exception is java.lang.IllegalArgumentException: Failed to create query for method public abstract java.util.List com.spring.masinsa.repository.ReviewRepository.findByMaskId(java.lang.Long,org.springframework.boot.autoconfigure.data.web.SpringDataWebProperties$Pageable)! At least 2 parameter(s) provided but only 1 parameter(s) present in query.
Caused by: org.springframework.beans.factory.UnsatisfiedDependencyException: Error creating bean with name 'reviewServiceImpl': Unsatisfied dependency expressed through field 'reviewRepository'; nested exception is org.springframework.beans.factory.BeanCreationException: Error creating bean with name 'reviewRepository' defined in com.spring.masinsa.repository.ReviewRepository defined in @EnableJpaRepositories declared on JpaRepositoriesRegistrar.EnableJpaRepositoriesConfiguration: Invocation of init method failed; nested exception is org.springframework.data.repository.query.QueryCreationException: Could not create query for public abstract java.util.List com.spring.masinsa.repository.ReviewRepository.findByMaskId(java.lang.Long,org.springframework.boot.autoconfigure.data.web.SpringDataWebProperties$Pageable); Reason: Failed to create query for method public abstract java.util.List com.spring.masinsa.repository.ReviewRepository.findByMaskId(java.lang.Long,org.springframework.boot.autoconfigure.data.web.SpringDataWebProperties$Pageable)! At least 2 parameter(s) provided but only 1 parameter(s) present in query.; nested exception is java.lang.IllegalArgumentException: Failed to create query for method public abstract java.util.List com.spring.masinsa.repository.ReviewRepository.findByMaskId(java.lang.Long,org.springframework.boot.autoconfigure.data.web.SpringDataWebProperties$Pageable)! At least 2 parameter(s) provided but only 1 parameter(s) present in query.
Caused by: org.springframework.beans.factory.BeanCreationException: Error creating bean with name 'reviewRepository' defined in com.spring.masinsa.repository.ReviewRepository defined in @EnableJpaRepositories declared on JpaRepositoriesRegistrar.EnableJpaRepositoriesConfiguration: Invocation of init method failed; nested exception is org.springframework.data.repository.query.QueryCreationException: Could not create query for public abstract java.util.List com.spring.masinsa.repository.ReviewRepository.findByMaskId(java.lang.Long,org.springframework.boot.autoconfigure.data.web.SpringDataWebProperties$Pageable); Reason: Failed to create query for method public abstract java.util.List com.spring.masinsa.repository.ReviewRepository.findByMaskId(java.lang.Long,org.springframework.boot.autoconfigure.data.web.SpringDataWebProperties$Pageable)! At least 2 parameter(s) provided but only 1 parameter(s) present in query.; nested exception is java.lang.IllegalArgumentException: Failed to create query for method public abstract java.util.List com.spring.masinsa.repository.ReviewRepository.findByMaskId(java.lang.Long,org.springframework.boot.autoconfigure.data.web.SpringDataWebProperties$Pageable)! At least 2 parameter(s) provided but only 1 parameter(s) present in query.
Caused by: org.springframework.data.repository.query.QueryCreationException: Could not create query for public abstract java.util.List com.spring.masinsa.repository.ReviewRepository.findByMaskId(java.lang.Long,org.springframework.boot.autoconfigure.data.web.SpringDataWebProperties$Pageable); Reason: Failed to create query for method public abstract java.util.List com.spring.masinsa.repository.ReviewRepository.findByMaskId(java.lang.Long,org.springframework.boot.autoconfigure.data.web.SpringDataWebProperties$Pageable)! At least 2 parameter(s) provided but only 1 parameter(s) present in query.; nested exception is java.lang.IllegalArgumentException: Failed to create query for method public abstract java.util.List com.spring.masinsa.repository.ReviewRepository.findByMaskId(java.lang.Long,org.springframework.boot.autoconfigure.data.web.SpringDataWebProperties$Pageable)! At least 2 parameter(s) provided but only 1 parameter(s) present in query.
Caused by: java.lang.IllegalArgumentException: Failed to create query for method public abstract java.util.List com.spring.masinsa.repository.ReviewRepository.findByMaskId(java.lang.Long,org.springframework.boot.autoconfigure.data.web.SpringDataWebProperties$Pageable)! At least 2 parameter(s) provided but only 1 parameter(s) present in query.
Caused by: java.lang.IllegalArgumentException: At least 2 parameter(s) provided but only 1 parameter(s) present in query.

